[Tue Nov 30 12:27:47 2021]. Message: Bot started
[Tue Nov 30 12:28:12 2021]. Message: Wywolano Exchange. Success
[Tue Nov 30 12:29:02 2021]. Message: Bot started
[Tue Nov 30 12:29:28 2021]. Message: Bot started
[Tue Nov 30 12:29:47 2021]. Message: Wywolano Exchange. Success
[Tue Nov 30 12:32:05 2021]. Message: Turns off
[Tue Nov 30 13:07:12 2021]. Message: Bot started
[Tue Nov 30 13:07:35 2021]. Message: Wywolano Exchange. Success
[Tue Nov 30 13:07:37 2021]. Message: Turns off
[Tue Nov 30 13:10:27 2021]. Message: Bot started
[Tue Nov 30 13:11:34 2021]. Message: Wywolano Exchange. Success
[Tue Nov 30 13:17:03 2021]. Message: Wywolano Exchange. Success
[Tue Nov 30 13:17:14 2021]. Message: Bot started
[Tue Nov 30 13:17:28 2021]. Message: Wywolano Exchange. Success
[Tue Nov 30 13:17:31 2021]. Message: Turns off
[Tue Jan 18 08:40:29 2022]. Message: Bot started
[Tue Jan 18 08:40:46 2022]. Message: Wywolano Exchange. Success
[Tue Jan 18 08:41:01 2022]. Message: Wywolano Exchange. Success
[Tue Jan 18 08:41:23 2022]. Message: Turns off
[Tue Jan 18 09:00:49 2022]. Message: Bot started
[Tue Jan 18 09:01:17 2022]. Message: Wywolano Exchange. Success
[Tue Jan 18 09:01:25 2022]. Message: Wywolano Exchange. Success
[Tue Jan 18 09:01:31 2022]. Message: Wywolano Exchange. Success
[Tue Jan 18 09:01:45 2022]. Message: Wywolano Exchange. Success
[Tue Jan 18 09:25:09 2022]. Message: Bot started
[Tue Jan 18 10:30:50 2022]. Message: Bot started
[Tue Jan 18 10:31:10 2022]. Message: Wywolano Exchange. Success
[Tue Jan 18 10:31:15 2022]. Message: Turns off
